app/build/intermediates/manifest_merge_blame_file/debug/manifest-merger-blame-debug-report.txt
1<?xml version="1.0" encoding="utf-8"?>
2<manifest xmlns:android="http://schemas.android.com/apk/res/android"
3    package="hr.ferit.kreso.krunica"
4    android:versionCode="1"
5    android:versionName="1.0" >
6
7    <uses-sdk
8        android:minSdkVersion="19"
8-->src\main\AndroidManifest.xml
9        android:targetSdkVersion="28" />
9-->src\main\AndroidManifest.xml
10
11    <application
11-->src\main\AndroidManifest.xml:5:5-26:19
12        android:allowBackup="true"
12-->src\main\AndroidManifest.xml:6:9-35
13        android:appComponentFactory="android.support.v4.app.CoreComponentFactory"
13-->[com.android.support:support-compat:28.0.0] AndroidManifest.xml:22:18-91
14        android:debuggable="true"
15        android:icon="@mipmap/icon"
15-->src\main\AndroidManifest.xml:7:9-36
16        android:label="@string/app_name"
16-->src\main\AndroidManifest.xml:8:9-41
17        android:roundIcon="@mipmap/icon_round"
17-->src\main\AndroidManifest.xml:9:9-47
18        android:supportsRtl="true"
18-->src\main\AndroidManifest.xml:10:9-35
19        android:testOnly="true"
20        android:theme="@style/AppTheme" >
20-->src\main\AndroidManifest.xml:11:9-40
21        <activity android:name="hr.ferit.kreso.krunica.FlashScreenActivity" >
21-->src\main\AndroidManifest.xml:12:9-18:20
21-->src\main\AndroidManifest.xml:12:19-54
22            <intent-filter>
22-->src\main\AndroidManifest.xml:13:13-17:29
23                <action android:name="android.intent.action.MAIN" />
23-->src\main\AndroidManifest.xml:14:17-69
23-->src\main\AndroidManifest.xml:14:25-66
24
25                <category android:name="android.intent.category.LAUNCHER" />
25-->src\main\AndroidManifest.xml:16:17-77
25-->src\main\AndroidManifest.xml:16:27-74
26            </intent-filter>
27        </activity>
28        <activity android:name="hr.ferit.kreso.krunica.MainActivity" />
28-->src\main\AndroidManifest.xml:19:9-50
28-->src\main\AndroidManifest.xml:19:19-47
29        <activity android:name="hr.ferit.kreso.krunica.Selector" />
29-->src\main\AndroidManifest.xml:20:9-46
29-->src\main\AndroidManifest.xml:20:19-43
30        <activity android:name="hr.ferit.kreso.krunica.StartingPageActivity" />
30-->src\main\AndroidManifest.xml:21:9-58
30-->src\main\AndroidManifest.xml:21:19-55
31        <activity android:name="hr.ferit.kreso.krunica.Litanije" />
31-->src\main\AndroidManifest.xml:22:9-46
31-->src\main\AndroidManifest.xml:22:19-43
32        <activity android:name="hr.ferit.kreso.krunica.Main2Activity" />
32-->src\main\AndroidManifest.xml:23:9-51
32-->src\main\AndroidManifest.xml:23:19-48
33        <activity android:name="hr.ferit.kreso.krunica.Otajstva" />
33-->src\main\AndroidManifest.xml:24:9-55
33-->src\main\AndroidManifest.xml:24:19-43
34        <activity android:name="hr.ferit.kreso.krunica.Calendar" />
34-->src\main\AndroidManifest.xml:25:9-46
34-->src\main\AndroidManifest.xml:25:19-43
35    </application>
36
37</manifest>